iMPACT Version: 14.6

iMPACT log file Started on Thu Feb 28 11:08:44 2019

Welcome to iMPACT
iMPACT Version: 14.6
Project: 'C:\Xilinx\14.6\ISE_DS\\auto_project.ipf' already exists.
Original project has been renamed to'C:\Xilinx\14.6\ISE_DS\\auto_project_1.ipf'.
Project: C:\Xilinx\14.6\ISE_DS\\auto_project.ipf created.
// *** BATCH CMD : setMode -bs
// *** BATCH CMD : setMode -ss
// *** BATCH CMD : setMode -sm
// *** BATCH CMD : setMode -hw140
// *** BATCH CMD : setMode -spi
// *** BATCH CMD : setMode -acecf
// *** BATCH CMD : setMode -acempm
// *** BATCH CMD : setMode -pff
Welcome to iMPACT
iMPACT Version: 14.6
// *** BATCH CMD : setMode -bs
// *** BATCH CMD : setMode -ss
// *** BATCH CMD : setMode -sm
// *** BATCH CMD : setMode -hw140
// *** BATCH CMD : setMode -spi
// *** BATCH CMD : setMode -acecf
// *** BATCH CMD : setMode -acempm
// *** BATCH CMD : setMode -pff
// *** BATCH CMD : loadProjectFile -file"C:\Xilinx\14.6\ISE_DS\auto_project.ipf"
INFO:iMPACT:2641 - Error reading project file   C:\Xilinx\14.6\ISE_DS\auto_project.ipf.
// *** BATCH CMD : setMode -bs
GUI --- Auto connect to cable...
// *** BATCH CMD : setCable -port auto
INFO:iMPACT - Digilent Plugin: Plugin Version: 2.4.4
INFO:iMPACT - Digilent Plugin: no JTAG device was found.
AutoDetecting cable. Please wait.
*** WARNING ***: When port is set to auto detect mode, cable speed is set todefault 6 MHz regardless of explicit arguments supplied for setting the baudrates
PROGRESS_START - Starting Operation.
Connecting to cable (Usb Port - USB21).
Checking cable driver.
 Driver file xusb_xlp.sys found.
 Driver version: src=1029, dest=1029.
 Driver windrvr6.sys version = 11.5.0.0. WinDriver v11.5.0 Jungo Connectivity (c) 1997 - 2014 Build Date: Jan 26 2014x86_64 64bit SYS 13:30:18, version = 1150.
 Cable PID = 0008.
 Max current requested during enumeration is 300 mA.
Type = 0x0005.
 Cable Type = 3, Revision = 0.
 Setting cable speed to 6 MHz.
ERROR:Cse - A reference voltage has not been detected on the ribbon cable   interface to the target system ( pin 2 ).  Check that power is applied to the   target system and that the ribbon cable is properly seated at both ends.  The   status LED on Platform Cable USB will be GREEN if target voltage is in the   proper range and applied to the correct pin.
Cable connection failed.
Connecting to cable (Parallel Port - LPT1).
Checking cable driver.
 Driver windrvr6.sys version = 11.5.0.0. WinDriver v11.5.0 Jungo Connectivity (c) 1997 - 2014 Build Date: Jan 26 2014x86_64 64bit SYS 13:30:18, version = 1150.
 LPT base address = 0378h.
 ECP base address = FFFFFFFFh.
LPT port is already in use. rc = 0h
Cable connection failed.
Connecting to cable (Parallel Port - LPT2).
Checking cable driver.
 Driver windrvr6.sys version = 11.5.0.0. WinDriver v11.5.0 Jungo Connectivity (c) 1997 - 2014 Build Date: Jan 26 2014x86_64 64bit SYS 13:30:18, version = 1150.
Cable connection failed.
Connecting to cable (Parallel Port - LPT3).
Checking cable driver.
 Driver windrvr6.sys version = 11.5.0.0. WinDriver v11.5.0 Jungo Connectivity (c) 1997 - 2014 Build Date: Jan 26 2014x86_64 64bit SYS 13:30:18, version = 1150.
Cable connection failed.
Connecting to cable (Parallel Port - LPT4).
Checking cable driver.
 Driver windrvr6.sys version = 11.5.0.0. WinDriver v11.5.0 Jungo Connectivity (c) 1997 - 2014 Build Date: Jan 26 2014x86_64 64bit SYS 13:30:18, version = 1150.
Cable connection failed.
PROGRESS_END - End Operation.
Elapsed time =      2 sec.
Cable autodetection failed.
WARNING:iMPACT:923 - Can not find cable, check cable setup !GUI --- Auto connect to cable...
// *** BATCH CMD : setCable -port auto
INFO:iMPACT - Digilent Plugin: Plugin Version: 2.4.4
INFO:iMPACT - Digilent Plugin: no JTAG device was found.
AutoDetecting cable. Please wait.
*** WARNING ***: When port is set to auto detect mode, cable speed is set todefault 6 MHz regardless of explicit arguments supplied for setting the baudrates
PROGRESS_START - Starting Operation.
Connecting to cable (Usb Port - USB21).
Checking cable driver.
 Driver file xusb_xlp.sys found.
 Driver version: src=1029, dest=1029.
 Driver windrvr6.sys version = 11.5.0.0. WinDriver v11.5.0 Jungo Connectivity (c) 1997 - 2014 Build Date: Jan 26 2014x86_64 64bit SYS 13:30:18, version = 1150.
 Cable PID = 0008.
 Max current requested during enumeration is 300 mA.
Type = 0x0005.
 Cable Type = 3, Revision = 0.
 Setting cable speed to 6 MHz.
ERROR:Cse - A reference voltage has not been detected on the ribbon cable   interface to the target system ( pin 2 ).  Check that power is applied to the   target system and that the ribbon cable is properly seated at both ends.  The   status LED on Platform Cable USB will be GREEN if target voltage is in the   proper range and applied to the correct pin.
Cable connection failed.
Connecting to cable (Parallel Port - LPT1).
Checking cable driver.
 Driver windrvr6.sys version = 11.5.0.0. WinDriver v11.5.0 Jungo Connectivity (c) 1997 - 2014 Build Date: Jan 26 2014x86_64 64bit SYS 13:30:18, version = 1150.
 LPT base address = 0378h.
 ECP base address = FFFFFFFFh.
Cable connection failed.
Connecting to cable (Parallel Port - LPT2).
Checking cable driver.
 Driver windrvr6.sys version = 11.5.0.0. WinDriver v11.5.0 Jungo Connectivity (c) 1997 - 2014 Build Date: Jan 26 2014x86_64 64bit SYS 13:30:18, version = 1150.
Cable connection failed.
Connecting to cable (Parallel Port - LPT3).
Checking cable driver.
 Driver windrvr6.sys version = 11.5.0.0. WinDriver v11.5.0 Jungo Connectivity (c) 1997 - 2014 Build Date: Jan 26 2014x86_64 64bit SYS 13:30:18, version = 1150.
Cable connection failed.
Connecting to cable (Parallel Port - LPT4).
Checking cable driver.
 Driver windrvr6.sys version = 11.5.0.0. WinDriver v11.5.0 Jungo Connectivity (c) 1997 - 2014 Build Date: Jan 26 2014x86_64 64bit SYS 13:30:18, version = 1150.
Cable connection failed.
PROGRESS_END - End Operation.
Elapsed time =      1 sec.
Cable autodetection failed.
WARNING:iMPACT:923 - Can not find cable, check cable setup !GUI --- Auto connect to cable...
// *** BATCH CMD : setCable -port auto
INFO:iMPACT - Digilent Plugin: Plugin Version: 2.4.4
INFO:iMPACT - Digilent Plugin: no JTAG device was found.
AutoDetecting cable. Please wait.
*** WARNING ***: When port is set to auto detect mode, cable speed is set todefault 6 MHz regardless of explicit arguments supplied for setting the baudrates
PROGRESS_START - Starting Operation.
Connecting to cable (Usb Port - USB21).
Checking cable driver.
 Driver file xusb_xlp.sys found.
 Driver version: src=1029, dest=1029.
 Driver windrvr6.sys version = 11.5.0.0. WinDriver v11.5.0 Jungo Connectivity (c) 1997 - 2014 Build Date: Jan 26 2014x86_64 64bit SYS 13:30:18, version = 1150.
 Cable PID = 0008.
 Max current requested during enumeration is 300 mA.
write cmdbuffer failed C000009D.
Loopback test failed. Sent character = 00, Received character = 0E.
Cable connection failed.
Connecting to cable (Parallel Port - LPT1).
Checking cable driver.
 Driver windrvr6.sys version = 11.5.0.0. WinDriver v11.5.0 Jungo Connectivity (c) 1997 - 2014 Build Date: Jan 26 2014x86_64 64bit SYS 13:30:18, version = 1150.
 LPT base address = 0378h.
 ECP base address = FFFFFFFFh.
LPT port is already in use. rc = 0h
Cable connection failed.
Connecting to cable (Parallel Port - LPT2).
Checking cable driver.
 Driver windrvr6.sys version = 11.5.0.0. WinDriver v11.5.0 Jungo Connectivity (c) 1997 - 2014 Build Date: Jan 26 2014x86_64 64bit SYS 13:30:18, version = 1150.
Cable connection failed.
Connecting to cable (Parallel Port - LPT3).
Checking cable driver.
 Driver windrvr6.sys version = 11.5.0.0. WinDriver v11.5.0 Jungo Connectivity (c) 1997 - 2014 Build Date: Jan 26 2014x86_64 64bit SYS 13:30:18, version = 1150.
Cable connection failed.
Connecting to cable (Parallel Port - LPT4).
Checking cable driver.
 Driver windrvr6.sys version = 11.5.0.0. WinDriver v11.5.0 Jungo Connectivity (c) 1997 - 2014 Build Date: Jan 26 2014x86_64 64bit SYS 13:30:18, version = 1150.
Cable connection failed.
PROGRESS_END - End Operation.
Elapsed time =      2 sec.
Cable autodetection failed.
WARNING:iMPACT:923 - Can not find cable, check cable setup !GUI --- Auto connect to cable...
// *** BATCH CMD : setCable -port auto
INFO:iMPACT - Digilent Plugin: Plugin Version: 2.4.4
INFO:iMPACT - Digilent Plugin: no JTAG device was found.
AutoDetecting cable. Please wait.
*** WARNING ***: When port is set to auto detect mode, cable speed is set todefault 6 MHz regardless of explicit arguments supplied for setting the baudrates
PROGRESS_START - Starting Operation.
Connecting to cable (Usb Port - USB21).
Checking cable driver.
 Driver file xusb_xlp.sys found.
 Driver version: src=1029, dest=1029.
 Driver windrvr6.sys version = 11.5.0.0. WinDriver v11.5.0 Jungo Connectivity (c) 1997 - 2014 Build Date: Jan 26 2014x86_64 64bit SYS 13:30:18, version = 1150.
 Cable PID = 0008.
 Max current requested during enumeration is 300 mA.
Type = 0x0005.
write (count, cmdBuffer, dataBuffer) failed C0000004.
 Cable Type = 3, Revision = 0.
 Setting cable speed to 6 MHz.
ERROR:Cse - A reference voltage has not been detected on the ribbon cable   interface to the target system ( pin 2 ).  Check that power is applied to the   target system and that the ribbon cable is properly seated at both ends.  The   status LED on Platform Cable USB will be GREEN if target voltage is in the   proper range and applied to the correct pin.
Cable connection failed.
Connecting to cable (Parallel Port - LPT1).
Checking cable driver.
 Driver windrvr6.sys version = 11.5.0.0. WinDriver v11.5.0 Jungo Connectivity (c) 1997 - 2014 Build Date: Jan 26 2014x86_64 64bit SYS 13:30:18, version = 1150.
 LPT base address = 0378h.
 ECP base address = FFFFFFFFh.
LPT port is already in use. rc = 0h
Cable connection failed.
Connecting to cable (Parallel Port - LPT2).
Checking cable driver.
 Driver windrvr6.sys version = 11.5.0.0. WinDriver v11.5.0 Jungo Connectivity (c) 1997 - 2014 Build Date: Jan 26 2014x86_64 64bit SYS 13:30:18, version = 1150.
Cable connection failed.
Connecting to cable (Parallel Port - LPT3).
Checking cable driver.
 Driver windrvr6.sys version = 11.5.0.0. WinDriver v11.5.0 Jungo Connectivity (c) 1997 - 2014 Build Date: Jan 26 2014x86_64 64bit SYS 13:30:18, version = 1150.
Cable connection failed.
Connecting to cable (Parallel Port - LPT4).
Checking cable driver.
 Driver windrvr6.sys version = 11.5.0.0. WinDriver v11.5.0 Jungo Connectivity (c) 1997 - 2014 Build Date: Jan 26 2014x86_64 64bit SYS 13:30:18, version = 1150.
Cable connection failed.
PROGRESS_END - End Operation.
Elapsed time =      4 sec.
Cable autodetection failed.
WARNING:iMPACT:923 - Can not find cable, check cable setup !GUI --- Auto connect to cable...
// *** BATCH CMD : setCable -port auto
INFO:iMPACT - Digilent Plugin: Plugin Version: 2.4.4
INFO:iMPACT - Digilent Plugin: no JTAG device was found.
AutoDetecting cable. Please wait.
*** WARNING ***: When port is set to auto detect mode, cable speed is set todefault 6 MHz regardless of explicit arguments supplied for setting the baudrates
PROGRESS_START - Starting Operation.
Connecting to cable (Usb Port - USB21).
Checking cable driver.
 Driver file xusb_xlp.sys found.
 Driver version: src=1029, dest=1029.
 Driver windrvr6.sys version = 11.5.0.0. WinDriver v11.5.0 Jungo Connectivity (c) 1997 - 2014 Build Date: Jan 26 2014x86_64 64bit SYS 13:30:18, version = 1150.
 Cable PID = 0008.
 Max current requested during enumeration is 300 mA.
Type = 0x0005.
write (count, cmdBuffer, dataBuffer) failed C0000004.
 Cable Type = 3, Revision = 0.
 Setting cable speed to 6 MHz.
ERROR:Cse - A reference voltage has not been detected on the ribbon cable   interface to the target system ( pin 2 ).  Check that power is applied to the   target system and that the ribbon cable is properly seated at both ends.  The   status LED on Platform Cable USB will be GREEN if target voltage is in the   proper range and applied to the correct pin.
Cable connection failed.
Connecting to cable (Parallel Port - LPT1).
Checking cable driver.
 Driver windrvr6.sys version = 11.5.0.0. WinDriver v11.5.0 Jungo Connectivity (c) 1997 - 2014 Build Date: Jan 26 2014x86_64 64bit SYS 13:30:18, version = 1150.
 LPT base address = 0378h.
 ECP base address = FFFFFFFFh.
LPT port is already in use. rc = 0h
Cable connection failed.
Connecting to cable (Parallel Port - LPT2).
Checking cable driver.
 Driver windrvr6.sys version = 11.5.0.0. WinDriver v11.5.0 Jungo Connectivity (c) 1997 - 2014 Build Date: Jan 26 2014x86_64 64bit SYS 13:30:18, version = 1150.
Cable connection failed.
Connecting to cable (Parallel Port - LPT3).
Checking cable driver.
 Driver windrvr6.sys version = 11.5.0.0. WinDriver v11.5.0 Jungo Connectivity (c) 1997 - 2014 Build Date: Jan 26 2014x86_64 64bit SYS 13:30:18, version = 1150.
Cable connection failed.
Connecting to cable (Parallel Port - LPT4).
Checking cable driver.
 Driver windrvr6.sys version = 11.5.0.0. WinDriver v11.5.0 Jungo Connectivity (c) 1997 - 2014 Build Date: Jan 26 2014x86_64 64bit SYS 13:30:18, version = 1150.
Cable connection failed.
PROGRESS_END - End Operation.
Elapsed time =      2 sec.
Cable autodetection failed.
WARNING:iMPACT:923 - Can not find cable, check cable setup !GUI --- Auto connect to cable...
// *** BATCH CMD : setCable -port auto
INFO:iMPACT - Digilent Plugin: Plugin Version: 2.4.4
INFO:iMPACT - Digilent Plugin: no JTAG device was found.
AutoDetecting cable. Please wait.
*** WARNING ***: When port is set to auto detect mode, cable speed is set todefault 6 MHz regardless of explicit arguments supplied for setting the baudrates
PROGRESS_START - Starting Operation.
Connecting to cable (Usb Port - USB21).
Checking cable driver.
 Driver file xusb_xlp.sys found.
 Driver version: src=1029, dest=1029.
 Driver windrvr6.sys version = 11.5.0.0. WinDriver v11.5.0 Jungo Connectivity (c) 1997 - 2014 Build Date: Jan 26 2014x86_64 64bit SYS 13:30:18, version = 1150.
 Cable PID = 0008.
 Max current requested during enumeration is 300 mA.
Type = 0x0005.
write (count, cmdBuffer, dataBuffer) failed C0000004.
 Cable Type = 3, Revision = 0.
 Setting cable speed to 6 MHz.
Cable connection established.
Firmware version = 2301.
File version of C:/Xilinx/14.6/ISE_DS/ISE/data/xusb_xp2.hex = 2401.
Firmware hex file version = 2401.
Downloading C:/Xilinx/14.6/ISE_DS/ISE/data/xusb_xp2.hex.
Downloaded firmware version = 2401.
PLD file version = 200Dh.
 PLD version = 200Dh.
PROGRESS_END - End Operation.
Elapsed time =      1 sec.
Type = 0x0005.
ESN option: 000010212EA301.
Attempting to identify devices in the boundary-scan chain configuration...
INFO:iMPACT - Current time: 28.2.2019 11:11:39
// *** BATCH CMD : Identify -inferir 
PROGRESS_START - Starting Operation.
Identifying chain contents...'0': : Manufacturer's ID = Xilinx xc6slx45, Version : 4
INFO:iMPACT:1777 - 
   Reading C:/Xilinx/14.6/ISE_DS/ISE/spartan6/data/xc6slx45.bsd...
INFO:iMPACT:501 - '1': Added Device xc6slx45 successfully.
----------------------------------------------------------------------
'1': : Manufacturer's ID = Xilinx xc9572xl, Version : 5
INFO:iMPACT:1777 - 
   Reading C:/Xilinx/14.6/ISE_DS/ISE/xc9500xl/data/xc9572xl.bsd...
INFO:iMPACT:501 - '1': Added Device xc9572xl successfully.
----------------------------------------------------------------------
'2': : Manufacturer's ID = Xilinx xcf16p, Version : 13
INFO:iMPACT:1777 - 
   Reading C:/Xilinx/14.6/ISE_DS/ISE/xcfp/data/xcf16p.bsd...
INFO:iMPACT:501 - '1': Added Device xcf16p successfully.
----------------------------------------------------------------------
done.
PROGRESS_END - End Operation.
Elapsed time =      1 sec.
// *** BATCH CMD : identifyMPM 
// *** BATCH CMD : assignFile -p 3 -file "D:/RA93-2016/lab1/projects/1_basic/top.bit"
'3': Loading file 'D:/RA 93-2016/lab1/projects/1_basic/top.bit' ...
done.
INFO:iMPACT:2257 - Startup Clock has been changed to 'JtagClk' in the bitstream   stored in memory,
   but the original bitstream file remains unchanged.
UserID read from the bitstream file = 0xFFFFFFFF.
Data width read from the bitstream file = 1.
----------------------------------------------------------------------
INFO:iMPACT:501 - '3': Added Device xc6slx45 successfully.
----------------------------------------------------------------------
// *** BATCH CMD : assignFile -p 3 -file "D:/RA93-2016/lab1/projects/1_basic/top.bit"
'3': Loading file 'D:/RA 93-2016/lab1/projects/1_basic/top.bit' ...
done.
UserID read from the bitstream file = 0xFFFFFFFF.
Data width read from the bitstream file = 1.
----------------------------------------------------------------------
INFO:iMPACT:501 - '3': Added Device xc6slx45 successfully.
----------------------------------------------------------------------
INFO:iMPACT - Current time: 28.2.2019 11:14:57
// *** BATCH CMD : Program -p 3 
Maximum TCK operating frequency for this device chain: 10000000.
Validating chain...
Boundary-scan chain validated successfully.
'3': Programming device...
PROGRESS_START - Starting Operation.
 LCK_cycle = NoWait.
LCK cycle: NoWait
done.
'3': Reading status register contents...
[0] CRC ERROR                                                              :        0
[1] IDCODE ERROR                                                           :        0
[2] DCM LOCK STATUS                                                        :        1
[3] GTS_CFG_B STATUS                                                       :        1
[4] GWE STATUS                                                             :        1
[5] GHIGH STATUS                                                           :        1
[6] DECRYPTION ERROR                                                       :        0
[7] DECRYPTOR ENABLE                                                       :        0
[8] HSWAPEN PIN                                                            :        1
[9] MODE PIN M[0]                                                          :        1
[10] MODE PIN M[1]                                                         :        1
[11] RESERVED                                                              :        0
[12] INIT_B PIN                                                            :        1
[13] DONE PIN                                                              :        1
[14] SUSPEND STATUS                                                        :        0
[15] FALLBACK STATUS                                                       :        0
INFO:iMPACT:2219 - Status register values:
INFO:iMPACT - 0011 1100 1110 1100 
INFO:iMPACT:579 - '3': Completed downloading bit file to device.
INFO:iMPACT:188 - '3': Programming completed successfully.
 LCK_cycle = NoWait.
LCK cycle: NoWait
INFO:iMPACT - '3': Checking done pin....done.
'3': Programmed successfully.
PROGRESS_END - End Operation.
Elapsed time =      5 sec.
// *** BATCH CMD : assignFile -p 3 -file "D:/RA93-2016/lab1/projects/1_basic/top.bit"
'3': Loading file 'D:/RA 93-2016/lab1/projects/1_basic/top.bit' ...
done.
UserID read from the bitstream file = 0xFFFFFFFF.
Data width read from the bitstream file = 1.
----------------------------------------------------------------------
INFO:iMPACT:501 - '3': Added Device xc6slx45 successfully.
----------------------------------------------------------------------
INFO:iMPACT - Current time: 28.2.2019 11:22:51
Updating config file D:/RA 93-2016/lab1/projects/1_basic/top.bit...
INFO:iMPACT:2257 - Startup Clock has been changed to 'JtagClk' in the bitstream   stored in memory,
   but the original bitstream file remains unchanged.
// *** BATCH CMD : Program -p 3 
Maximum TCK operating frequency for this device chain: 10000000.
Validating chain...
Boundary-scan chain validated successfully.
'3': Programming device...
PROGRESS_START - Starting Operation.
 LCK_cycle = NoWait.
LCK cycle: NoWait
done.
'3': Reading status register contents...
[0] CRC ERROR                                                              :        0
[1] IDCODE ERROR                                                           :        0
[2] DCM LOCK STATUS                                                        :        1
[3] GTS_CFG_B STATUS                                                       :        1
[4] GWE STATUS                                                             :        1
[5] GHIGH STATUS                                                           :        1
[6] DECRYPTION ERROR                                                       :        0
[7] DECRYPTOR ENABLE                                                       :        0
[8] HSWAPEN PIN                                                            :        1
[9] MODE PIN M[0]                                                          :        1
[10] MODE PIN M[1]                                                         :        1
[11] RESERVED                                                              :        0
[12] INIT_B PIN                                                            :        1
[13] DONE PIN                                                              :        1
[14] SUSPEND STATUS                                                        :        0
[15] FALLBACK STATUS                                                       :        0
INFO:iMPACT:2219 - Status register values:
INFO:iMPACT - 0011 1100 1110 1100 
INFO:iMPACT:579 - '3': Completed downloading bit file to device.
INFO:iMPACT:188 - '3': Programming completed successfully.
 LCK_cycle = NoWait.
LCK cycle: NoWait
INFO:iMPACT - '3': Checking done pin....done.
'3': Programmed successfully.
PROGRESS_END - End Operation.
Elapsed time =      5 sec.
// *** BATCH CMD : assignFile -p 3 -file "D:/RA93-2016/lab1/projects/1_basic/top.bit"
'3': Loading file 'D:/RA 93-2016/lab1/projects/1_basic/top.bit' ...
done.
UserID read from the bitstream file = 0xFFFFFFFF.
Data width read from the bitstream file = 1.
----------------------------------------------------------------------
INFO:iMPACT:501 - '3': Added Device xc6slx45 successfully.
----------------------------------------------------------------------
INFO:iMPACT - Current time: 28.2.2019 11:26:24
Updating config file D:/RA 93-2016/lab1/projects/1_basic/top.bit...
INFO:iMPACT:2257 - Startup Clock has been changed to 'JtagClk' in the bitstream   stored in memory,
   but the original bitstream file remains unchanged.
// *** BATCH CMD : Program -p 3 
Maximum TCK operating frequency for this device chain: 10000000.
Validating chain...
Boundary-scan chain validated successfully.
'3': Programming device...
PROGRESS_START - Starting Operation.
 LCK_cycle = NoWait.
LCK cycle: NoWait
done.
'3': Reading status register contents...
[0] CRC ERROR                                                              :        0
[1] IDCODE ERROR                                                           :        0
[2] DCM LOCK STATUS                                                        :        1
[3] GTS_CFG_B STATUS                                                       :        1
[4] GWE STATUS                                                             :        1
[5] GHIGH STATUS                                                           :        1
[6] DECRYPTION ERROR                                                       :        0
[7] DECRYPTOR ENABLE                                                       :        0
[8] HSWAPEN PIN                                                            :        1
[9] MODE PIN M[0]                                                          :        1
[10] MODE PIN M[1]                                                         :        1
[11] RESERVED                                                              :        0
[12] INIT_B PIN                                                            :        1
[13] DONE PIN                                                              :        1
[14] SUSPEND STATUS                                                        :        0
[15] FALLBACK STATUS                                                       :        0
INFO:iMPACT:2219 - Status register values:
INFO:iMPACT - 0011 1100 1110 1100 
INFO:iMPACT:579 - '3': Completed downloading bit file to device.
INFO:iMPACT:188 - '3': Programming completed successfully.
 LCK_cycle = NoWait.
LCK cycle: NoWait
INFO:iMPACT - '3': Checking done pin....done.
'3': Programmed successfully.
PROGRESS_END - End Operation.
Elapsed time =      5 sec.
// *** BATCH CMD : assignFile -p 3 -file "D:/RA93-2016/lab1/projects/1_basic/top.bit"
'3': Loading file 'D:/RA 93-2016/lab1/projects/1_basic/top.bit' ...
done.
UserID read from the bitstream file = 0xFFFFFFFF.
Data width read from the bitstream file = 1.
----------------------------------------------------------------------
INFO:iMPACT:501 - '3': Added Device xc6slx45 successfully.
----------------------------------------------------------------------
INFO:iMPACT - Current time: 28.2.2019 11:40:17
Updating config file D:/RA 93-2016/lab1/projects/1_basic/top.bit...
INFO:iMPACT:2257 - Startup Clock has been changed to 'JtagClk' in the bitstream   stored in memory,
   but the original bitstream file remains unchanged.
// *** BATCH CMD : Program -p 3 
Maximum TCK operating frequency for this device chain: 10000000.
Validating chain...
Boundary-scan chain validated successfully.
'3': Programming device...
PROGRESS_START - Starting Operation.
 LCK_cycle = NoWait.
LCK cycle: NoWait
done.
'3': Reading status register contents...
[0] CRC ERROR                                                              :        0
[1] IDCODE ERROR                                                           :        0
[2] DCM LOCK STATUS                                                        :        1
[3] GTS_CFG_B STATUS                                                       :        1
[4] GWE STATUS                                                             :        1
[5] GHIGH STATUS                                                           :        1
[6] DECRYPTION ERROR                                                       :        0
[7] DECRYPTOR ENABLE                                                       :        0
[8] HSWAPEN PIN                                                            :        1
[9] MODE PIN M[0]                                                          :        1
[10] MODE PIN M[1]                                                         :        1
[11] RESERVED                                                              :        0
[12] INIT_B PIN                                                            :        1
[13] DONE PIN                                                              :        1
[14] SUSPEND STATUS                                                        :        0
[15] FALLBACK STATUS                                                       :        0
INFO:iMPACT:2219 - Status register values:
INFO:iMPACT - 0011 1100 1110 1100 
INFO:iMPACT:579 - '3': Completed downloading bit file to device.
INFO:iMPACT:188 - '3': Programming completed successfully.
 LCK_cycle = NoWait.
LCK cycle: NoWait
INFO:iMPACT - '3': Checking done pin....done.
'3': Programmed successfully.
PROGRESS_END - End Operation.
Elapsed time =      4 sec.
// *** BATCH CMD : assignFile -p 3 -file "D:/RA93-2016/lab1/projects/1_basic/top.bit"
'3': Loading file 'D:/RA 93-2016/lab1/projects/1_basic/top.bit' ...
done.
UserID read from the bitstream file = 0xFFFFFFFF.
Data width read from the bitstream file = 1.
----------------------------------------------------------------------
INFO:iMPACT:501 - '3': Added Device xc6slx45 successfully.
----------------------------------------------------------------------
INFO:iMPACT - Current time: 28.2.2019 11:50:47
Updating config file D:/RA 93-2016/lab1/projects/1_basic/top.bit...
INFO:iMPACT:2257 - Startup Clock has been changed to 'JtagClk' in the bitstream   stored in memory,
   but the original bitstream file remains unchanged.
// *** BATCH CMD : Program -p 3 
Maximum TCK operating frequency for this device chain: 10000000.
Validating chain...
Boundary-scan chain validated successfully.
'3': Programming device...
PROGRESS_START - Starting Operation.
 LCK_cycle = NoWait.
LCK cycle: NoWait
done.
'3': Reading status register contents...
[0] CRC ERROR                                                              :        0
[1] IDCODE ERROR                                                           :        0
[2] DCM LOCK STATUS                                                        :        1
[3] GTS_CFG_B STATUS                                                       :        1
[4] GWE STATUS                                                             :        1
[5] GHIGH STATUS                                                           :        1
[6] DECRYPTION ERROR                                                       :        0
[7] DECRYPTOR ENABLE                                                       :        0
[8] HSWAPEN PIN                                                            :        1
[9] MODE PIN M[0]                                                          :        1
[10] MODE PIN M[1]                                                         :        1
[11] RESERVED                                                              :        0
[12] INIT_B PIN                                                            :        1
[13] DONE PIN                                                              :        1
[14] SUSPEND STATUS                                                        :        0
[15] FALLBACK STATUS                                                       :        0
INFO:iMPACT:2219 - Status register values:
INFO:iMPACT - 0011 1100 1110 1100 
INFO:iMPACT:579 - '3': Completed downloading bit file to device.
INFO:iMPACT:188 - '3': Programming completed successfully.
 LCK_cycle = NoWait.
LCK cycle: NoWait
INFO:iMPACT - '3': Checking done pin....done.
'3': Programmed successfully.
PROGRESS_END - End Operation.
Elapsed time =      4 sec.
// *** BATCH CMD : assignFile -p 3 -file "D:/RA93-2016/lab1/projects/1_basic/top.bit"
'3': Loading file 'D:/RA 93-2016/lab1/projects/1_basic/top.bit' ...
done.
UserID read from the bitstream file = 0xFFFFFFFF.
Data width read from the bitstream file = 1.
----------------------------------------------------------------------
INFO:iMPACT:501 - '3': Added Device xc6slx45 successfully.
----------------------------------------------------------------------
INFO:iMPACT - Current time: 28.2.2019 11:52:47
Updating config file D:/RA 93-2016/lab1/projects/1_basic/top.bit...
INFO:iMPACT:2257 - Startup Clock has been changed to 'JtagClk' in the bitstream   stored in memory,
   but the original bitstream file remains unchanged.
// *** BATCH CMD : Program -p 3 
Maximum TCK operating frequency for this device chain: 10000000.
Validating chain...
Boundary-scan chain validated successfully.
'3': Programming device...
PROGRESS_START - Starting Operation.
 LCK_cycle = NoWait.
LCK cycle: NoWait
done.
'3': Reading status register contents...
[0] CRC ERROR                                                              :        0
[1] IDCODE ERROR                                                           :        0
[2] DCM LOCK STATUS                                                        :        1
[3] GTS_CFG_B STATUS                                                       :        1
[4] GWE STATUS                                                             :        1
[5] GHIGH STATUS                                                           :        1
[6] DECRYPTION ERROR                                                       :        0
[7] DECRYPTOR ENABLE                                                       :        0
[8] HSWAPEN PIN                                                            :        1
[9] MODE PIN M[0]                                                          :        1
[10] MODE PIN M[1]                                                         :        1
[11] RESERVED                                                              :        0
[12] INIT_B PIN                                                            :        1
[13] DONE PIN                                                              :        1
[14] SUSPEND STATUS                                                        :        0
[15] FALLBACK STATUS                                                       :        0
INFO:iMPACT:2219 - Status register values:
INFO:iMPACT - 0011 1100 1110 1100 
INFO:iMPACT:579 - '3': Completed downloading bit file to device.
INFO:iMPACT:188 - '3': Programming completed successfully.
 LCK_cycle = NoWait.
LCK cycle: NoWait
INFO:iMPACT - '3': Checking done pin....done.
'3': Programmed successfully.
PROGRESS_END - End Operation.
Elapsed time =      4 sec.
